<?xml version="1.0" encoding="UTF-8"?>
<!-- Generated by org.testng.reporters.JUnitXMLReporter -->
<testsuite hostname="C02F912TMD6T" ignored="0" name="Surefire test" tests="3" failures="3" timestamp="2022-07-26T20:33:15 CEST" time="0.043" errors="0">
  <testcase name="scheduleTask" time="0.005" classname="tamarazdravkovic.scheduler.service.SchedulerJobExecutorTest">
    <failure type="java.lang.NullPointerException">
      <![CDATA[java.lang.NullPointerException
at tamarazdravkovic.scheduler.service.SchedulerJobExecutorTest.scheduleTask(SchedulerJobExecutorTest.java:23)
at java.util.ArrayList.forEach(ArrayList.java:1257)
... Removed 32 stack frames]]>
    </failure>
  </testcase> <!-- scheduleTask -->
  <testcase name="scheduleTaskWithExceptionInCronExpression" time="0.0" classname="tamarazdravkovic.scheduler.service.SchedulerJobExecutorTest">
    <failure type="java.lang.NullPointerException">
      <![CDATA[java.lang.NullPointerException
at tamarazdravkovic.scheduler.service.SchedulerJobExecutorTest.scheduleTaskWithExceptionInCronExpression(SchedulerJobExecutorTest.java:47)
at java.util.ArrayList.forEach(ArrayList.java:1257)
... Removed 32 stack frames]]>
    </failure>
  </testcase> <!-- scheduleTaskWithExceptionInCronExpression -->
  <testcase name="scheduleTaskWithExceptionInScript" time="0.0" classname="tamarazdravkovic.scheduler.service.SchedulerJobExecutorTest">
    <failure type="java.lang.NullPointerException">
      <![CDATA[java.lang.NullPointerException
at tamarazdravkovic.scheduler.service.SchedulerJobExecutorTest.scheduleTaskWithExceptionInScript(SchedulerJobExecutorTest.java:35)
at java.util.ArrayList.forEach(ArrayList.java:1257)
... Removed 32 stack frames]]>
    </failure>
  </testcase> <!-- scheduleTaskWithExceptionInScript -->
</testsuite> <!-- Surefire test -->
